<?xml version="1.0" encoding="UTF-8"?>
<!-- Generated by org.testng.reporters.JUnitReportReporter -->
<testsuite hostname="DESKTOP-GSS5CVG" failures="0" tests="4" name="testscripts.LoginPageTest" time="46.561" errors="0" timestamp="2024-09-09T11:55:55 IST" skipped="0">
  <testcase classname="testscripts.LoginPageTest" name="verifyErrorMessageWhileLoginWithInvalidCredentials" time="10.754"/>
  <testcase classname="testscripts.LoginPageTest" name="verifyErrorMessageWhileLoginWithInvalidCredentials" time="11.628"/>
  <testcase classname="testscripts.LoginPageTest" name="verifyLoginWithValidCredentials" time="11.458"/>
  <testcase classname="testscripts.LoginPageTest" name="verifyErrorMessageWhileLoginWithInvalidCredentials" time="12.721"/>
</testsuite> <!-- testscripts.LoginPageTest -->
