<?xml version="1.0" encoding="UTF-8"?>
<!-- Generated by org.testng.reporters.JUnitReportReporter -->
<testsuite hostname="DESKTOP-GSS5CVG" failures="0" tests="4" name="testscripts.LoginPageTest" time="75.575" errors="0" timestamp="2024-09-10T20:13:45 IST" skipped="0">
  <testcase classname="testscripts.LoginPageTest" name="verifyErrorMessageWhileLoginWithInvalidCredentials" time="25.196"/>
  <testcase classname="testscripts.LoginPageTest" name="verifyLoginWithValidCredentials" time="22.263"/>
  <testcase classname="testscripts.LoginPageTest" name="verifyErrorMessageWhileLoginWithInvalidCredentials" time="7.710"/>
  <testcase classname="testscripts.LoginPageTest" name="verifyErrorMessageWhileLoginWithInvalidCredentials" time="20.406"/>
</testsuite> <!-- testscripts.LoginPageTest -->
