<?xml version="1.0" encoding="UTF-8"?>
<!-- Generated by org.testng.reporters.JUnitReportReporter -->
<testsuite hostname="DESKTOP-GSS5CVG" failures="0" tests="2" name="testscripts.AddUserPageTest" time="55.488" errors="0" timestamp="2024-09-06T17:26:33 IST" skipped="0">
  <testcase classname="testscripts.AddUserPageTest" name="verifyLoginWithNewlyAddedUser" time="25.205"/>
  <testcase classname="testscripts.AddUserPageTest" name="verifyUserCreation" time="30.283"/>
</testsuite> <!-- testscripts.AddUserPageTest -->
