<?xml version="1.0" encoding="UTF-8"?>
<!-- Generated by org.testng.reporters.JUnitReportReporter -->
<testsuite hostname="DESKTOP-GSS5CVG" failures="0" tests="1" name="testscripts.PasswordResetPageTest" time="15.045" errors="0" timestamp="2024-09-04T11:16:25 IST" skipped="0">
  <testcase classname="testscripts.PasswordResetPageTest" name="verifyPasswordResetWithInvalidEmail" time="15.045"/>
</testsuite> <!-- testscripts.PasswordResetPageTest -->
