<?xml version="1.0" encoding="UTF-8"?>
<!-- Generated by org.testng.reporters.JUnitReportReporter -->
<testsuite hostname="DESKTOP-GSS5CVG" failures="0" tests="2" name="testscripts.PasswordResetPageTest" time="26.748" errors="0" timestamp="2024-09-06T17:26:33 IST" skipped="0">
  <testcase classname="testscripts.PasswordResetPageTest" name="verifyPasswordResetWithValidEmail" time="12.103"/>
  <testcase classname="testscripts.PasswordResetPageTest" name="verifyPasswordResetWithInvalidEmail" time="14.645"/>
</testsuite> <!-- testscripts.PasswordResetPageTest -->
