<?xml version="1.0" encoding="UTF-8"?>
<!-- Generated by org.testng.reporters.JUnitReportReporter -->
<testsuite hostname="DESKTOP-GSS5CVG" failures="0" tests="4" name="testscripts.LoginPageTest" time="54.317" errors="0" timestamp="2024-09-06T17:26:33 IST" skipped="0">
  <testcase classname="testscripts.LoginPageTest" name="verifyLoginWithValidCredentials" time="19.805"/>
  <testcase classname="testscripts.LoginPageTest" name="verifyErrorMessageWhileLoginWithInvalidCredentials" time="10.376"/>
  <testcase classname="testscripts.LoginPageTest" name="verifyErrorMessageWhileLoginWithInvalidCredentials" time="12.194"/>
  <testcase classname="testscripts.LoginPageTest" name="verifyErrorMessageWhileLoginWithInvalidCredentials" time="11.942"/>
</testsuite> <!-- testscripts.LoginPageTest -->
