<?xml version="1.0" encoding="UTF-8"?>
<!-- Generated by org.testng.reporters.JUnitReportReporter -->
<testsuite hostname="DESKTOP-GSS5CVG" failures="0" tests="1" name="testscripts.UserProfilePageTest" time="15.802" errors="0" timestamp="2024-09-06T11:33:00 IST" skipped="0">
  <testcase classname="testscripts.UserProfilePageTest" name="verifyUserProfileTest" time="15.802"/>
</testsuite> <!-- testscripts.UserProfilePageTest -->
