<?xml version="1.0" encoding="UTF-8"?>
<!-- Generated by org.testng.reporters.JUnitReportReporter -->
<testsuite hostname="DESKTOP-GSS5CVG" failures="0" tests="4" name="testscripts.LoginPageTest" time="57.798" errors="0" timestamp="2024-09-06T11:37:51 IST" skipped="0">
  <testcase classname="testscripts.LoginPageTest" name="verifyErrorMessageWhileLoginWithInvalidCredentials" time="14.081"/>
  <testcase classname="testscripts.LoginPageTest" name="verifyErrorMessageWhileLoginWithInvalidCredentials" time="11.491"/>
  <testcase classname="testscripts.LoginPageTest" name="verifyErrorMessageWhileLoginWithInvalidCredentials" time="11.978"/>
  <testcase classname="testscripts.LoginPageTest" name="verifyLoginWithValidCredentials" time="20.248"/>
</testsuite> <!-- testscripts.LoginPageTest -->
