<?xml version="1.0" encoding="UTF-8"?>
<!-- Generated by org.testng.reporters.JUnitReportReporter -->
<testsuite hostname="DESKTOP-GSS5CVG" failures="0" tests="2" name="testscripts.PasswordResetPageTest" time="28.552" errors="0" timestamp="2024-09-09T11:55:55 IST" skipped="0">
  <testcase classname="testscripts.PasswordResetPageTest" name="verifyPasswordResetWithInvalidEmail" time="12.332"/>
  <testcase classname="testscripts.PasswordResetPageTest" name="verifyPasswordResetWithValidEmail" time="16.220"/>
</testsuite> <!-- testscripts.PasswordResetPageTest -->
