<?xml version="1.0" encoding="UTF-8"?>
<!-- Generated by org.testng.reporters.JUnitReportReporter -->
<testsuite hostname="DESKTOP-GSS5CVG" failures="0" tests="2" name="testscripts.UserPageTest" time="49.601" errors="0" timestamp="2024-09-10T19:53:00 IST" skipped="0">
  <testcase classname="testscripts.UserPageTest" name="verifyEditUserDetails" time="27.445"/>
  <testcase classname="testscripts.UserPageTest" name="verifyViewUserDetails" time="22.156"/>
</testsuite> <!-- testscripts.UserPageTest -->
