<?xml version="1.0" encoding="UTF-8"?>
<!-- Generated by org.testng.reporters.JUnitReportReporter -->
<testsuite hostname="DESKTOP-GSS5CVG" failures="0" tests="2" name="testscripts.AddUserPageTest" time="48.338" errors="0" timestamp="2024-09-06T11:33:00 IST" skipped="0">
  <testcase classname="testscripts.AddUserPageTest" name="verifyUserCreation" time="19.345"/>
  <testcase classname="testscripts.AddUserPageTest" name="verifyLoginWithNewlyAddedUser" time="28.993"/>
</testsuite> <!-- testscripts.AddUserPageTest -->
