<?xml version="1.0" encoding="UTF-8"?>
<!-- Generated by org.testng.reporters.JUnitReportReporter -->
<testsuite hostname="DESKTOP-GSS5CVG" failures="0" tests="4" name="testscripts.LoginPageTest" time="94.826" errors="0" timestamp="2024-09-10T19:46:21 IST" skipped="0">
  <testcase classname="testscripts.LoginPageTest" name="verifyErrorMessageWhileLoginWithInvalidCredentials" time="43.988"/>
  <testcase classname="testscripts.LoginPageTest" name="verifyErrorMessageWhileLoginWithInvalidCredentials" time="14.448"/>
  <testcase classname="testscripts.LoginPageTest" name="verifyErrorMessageWhileLoginWithInvalidCredentials" time="19.581"/>
  <testcase classname="testscripts.LoginPageTest" name="verifyLoginWithValidCredentials" time="16.809"/>
</testsuite> <!-- testscripts.LoginPageTest -->
