<?xml version="1.0" encoding="UTF-8"?>
<!-- Generated by org.testng.reporters.JUnitReportReporter -->
<testsuite hostname="DESKTOP-GSS5CVG" failures="0" tests="2" name="testscripts.AddUserPageTest" time="43.908" errors="0" timestamp="2024-09-09T11:55:55 IST" skipped="0">
  <testcase classname="testscripts.AddUserPageTest" name="verifyLoginWithNewlyAddedUser" time="21.893"/>
  <testcase classname="testscripts.AddUserPageTest" name="verifyUserCreation" time="22.015"/>
</testsuite> <!-- testscripts.AddUserPageTest -->
