<?xml version="1.0" encoding="UTF-8"?>
<!-- Generated by org.testng.reporters.JUnitReportReporter -->
<testsuite hostname="DESKTOP-GSS5CVG" failures="0" tests="1" name="testscripts.HomePageTest" time="16.527" errors="0" timestamp="2024-09-10T20:13:45 IST" skipped="0">
  <testcase classname="testscripts.HomePageTest" name="verifyUserLoginDate" time="16.527"/>
</testsuite> <!-- testscripts.HomePageTest -->
