<?xml version="1.0" encoding="UTF-8"?>
<!-- Generated by org.testng.reporters.JUnitReportReporter -->
<testsuite hostname="DESKTOP-GSS5CVG" failures="0" tests="1" name="testscripts.HomePageTest" time="13.015" errors="0" timestamp="2024-09-09T11:55:55 IST" skipped="0">
  <testcase classname="testscripts.HomePageTest" name="verifyUserLoginDate" time="13.015"/>
</testsuite> <!-- testscripts.HomePageTest -->
