<?xml version="1.0" encoding="UTF-8"?>
<!-- Generated by org.testng.reporters.JUnitReportReporter -->
<testsuite hostname="DESKTOP-GSS5CVG" failures="0" tests="2" name="testscripts.PasswordResetPageTest" time="29.000" errors="0" timestamp="2024-09-06T11:33:00 IST" skipped="0">
  <testcase classname="testscripts.PasswordResetPageTest" name="verifyPasswordResetWithValidEmail" time="16.867"/>
  <testcase classname="testscripts.PasswordResetPageTest" name="verifyPasswordResetWithInvalidEmail" time="12.133"/>
</testsuite> <!-- testscripts.PasswordResetPageTest -->
