<?xml version="1.0" encoding="UTF-8"?>
<!-- Generated by org.testng.reporters.JUnitReportReporter -->
<testsuite hostname="DESKTOP-GSS5CVG" failures="0" tests="1" name="testscripts.AddUserPageTest" time="40.059" errors="0" timestamp="2024-09-04T11:13:18 IST" skipped="0">
  <testcase classname="testscripts.AddUserPageTest" name="verifyLoginWithNewlyAddedUser" time="40.059"/>
</testsuite> <!-- testscripts.AddUserPageTest -->
