<?xml version="1.0" encoding="UTF-8"?>
<!-- Generated by org.testng.reporters.JUnitReportReporter -->
<testsuite hostname="DESKTOP-GSS5CVG" failures="0" tests="1" name="testscripts.HomePageTest" time="14.295" errors="0" timestamp="2024-09-04T11:13:50 IST" skipped="0">
  <testcase classname="testscripts.HomePageTest" name="verifyUserLoginDate" time="14.295"/>
</testsuite> <!-- testscripts.HomePageTest -->
