<?xml version="1.0" encoding="UTF-8"?>
<!-- Generated by org.testng.reporters.JUnitReportReporter -->
<testsuite hostname="DESKTOP-GSS5CVG" failures="0" tests="2" name="testscripts.PasswordResetPageTest" time="34.096" errors="0" timestamp="2024-09-10T20:13:45 IST" skipped="0">
  <testcase classname="testscripts.PasswordResetPageTest" name="verifyPasswordResetWithInvalidEmail" time="8.752"/>
  <testcase classname="testscripts.PasswordResetPageTest" name="verifyPasswordResetWithValidEmail" time="25.344"/>
</testsuite> <!-- testscripts.PasswordResetPageTest -->
