<?xml version="1.0" encoding="UTF-8"?>
<!-- Generated by org.testng.reporters.JUnitReportReporter -->
<testsuite hostname="DESKTOP-GSS5CVG" failures="0" tests="3" name="testscripts.LoginPageTest" time="34.841" errors="0" timestamp="2024-09-04T11:15:20 IST" skipped="0">
  <testcase classname="testscripts.LoginPageTest" name="verifyErrorMessageWhileLoginWithInvalidCredentials" time="10.108"/>
  <testcase classname="testscripts.LoginPageTest" name="verifyErrorMessageWhileLoginWithInvalidCredentials" time="13.165"/>
  <testcase classname="testscripts.LoginPageTest" name="verifyErrorMessageWhileLoginWithInvalidCredentials" time="11.568"/>
</testsuite> <!-- testscripts.LoginPageTest -->
