<?xml version="1.0" encoding="UTF-8"?>
<!-- Generated by org.testng.reporters.JUnitReportReporter -->
<testsuite hostname="DESKTOP-GSS5CVG" failures="0" tests="1" name="testscripts.UserPageTest" time="44.564" errors="0" timestamp="2024-09-04T11:26:14 IST" skipped="0">
  <testcase classname="testscripts.UserPageTest" name="verifyEditUserDetails" time="44.564"/>
</testsuite> <!-- testscripts.UserPageTest -->
